
> jr@0.1.0 build C:\Users\ASHWIN SUNDAR\Desktop\ICBP\campus-platform\apps\jr
> next build

   ▲ Next.js 15.5.2

   Creating an optimized production build ...
 ✓ Compiled successfully in 11.9s
   Linting and checking validity of types ...
   Collecting page data ...
   Generating static pages (0/5) ...
   Generating static pages (1/5) 
   Generating static pages (2/5) 
   Generating static pages (3/5) 
 ✓ Generating static pages (5/5)
   Finalizing page optimization ...
   Collecting build traces ...

Route (app)                                 Size  First Load JS
┌ ○ /                                      123 B         102 kB
└ ○ /_not-found                            992 B         103 kB
+ First Load JS shared by all             102 kB
  ├ chunks/801-5de57fc066d61f04.js       45.9 kB
  ├ chunks/f257f879-aa840aa4d87b8ef6.js  54.2 kB
  └ other shared chunks (total)          1.97 kB


○  (Static)  prerendered as static content

